2026-03-13 18:20:09,505 - main - INFO - === Logging system initialized ===
2026-03-13 18:20:09,505 - main - INFO - Log file: logs/app_20260313_182009.log
2026-03-13 18:20:09,506 - main - INFO - Log level: INFO
2026-03-13 18:20:09,506 - main - INFO - Timestamp: 20260313_182009
2026-03-13 18:20:10,081 - main - INFO - Included router: routers.aihub.router
2026-03-13 18:20:10,097 - main - INFO - Included router: routers.auth.router
2026-03-13 18:20:10,138 - main - INFO - Included router: routers.game_rooms.router
2026-03-13 18:20:10,140 - main - INFO - Included router: routers.health.router
2026-03-13 18:20:10,222 - main - INFO - Included router: routers.multiplayer.router
2026-03-13 18:20:10,263 - main - INFO - Included router: routers.room_players.router
2026-03-13 18:20:10,283 - main - INFO - Included router: routers.settings.router
2026-03-13 18:20:10,315 - main - INFO - Included router: routers.storage.router
2026-03-13 18:20:10,322 - main - INFO - Included router: routers.user.router
2026-03-13 18:20:10,323 - main - INFO - === Application startup initiated ===
2026-03-13 18:20:10,323 - services.database - DEBUG - [DB_OP] Starting database initialization
2026-03-13 18:20:10,323 - services.database - INFO - 🔧 Starting database initialization...
2026-03-13 18:20:10,323 - core.database - INFO - Starting database initialization...
2026-03-13 18:20:10,323 - core.config - DEBUG - Read dynamic attribute database_url from environment variable DATABASE_URL
2026-03-13 18:20:10,324 - core.database - INFO - Normalizing database URL for async compatibility...
2026-03-13 18:20:10,324 - core.database - INFO - Creating async database engine...
2026-03-13 18:20:10,324 - core.database - INFO - Using QueuePool with connection pooling for non-Lambda environment
2026-03-13 18:20:10,365 - core.database - INFO - Database engine created successfully
2026-03-13 18:20:10,366 - core.database - INFO - Creating async session maker...
2026-03-13 18:20:10,366 - core.database - INFO - Async session maker created successfully
2026-03-13 18:20:10,366 - core.database - INFO - Database connection initialized successfully
2026-03-13 18:20:10,366 - services.database - INFO - 🔧 Database connection initialized, now creating tables if tables not exist...
2026-03-13 18:20:10,366 - core.database - DEBUG - [DB_OP] Starting create_tables
2026-03-13 18:20:10,366 - core.database - INFO - 🔧 Starting table creation...
2026-03-13 18:20:12,001 - core.database - INFO - Tables initialized successfully
2026-03-13 18:20:12,001 - core.database - DEBUG - [DB_OP] Create tables completed in 1.6352s
2026-03-13 18:20:12,067 - services.database - INFO - 🔧 Table creation completed
2026-03-13 18:20:12,068 - services.database - INFO - Database initialized successfully
2026-03-13 18:20:12,068 - services.database - DEBUG - [DB_OP] Database initialization completed in 1.7449s
2026-03-13 18:20:12,069 - services.mock_data - INFO - mock_data directory not found, skipping mock initialization
2026-03-13 18:20:12,069 - services.database - DEBUG - [DB_OP] Starting database initialization
2026-03-13 18:20:12,069 - services.database - INFO - 🔧 Starting database initialization...
2026-03-13 18:20:12,069 - core.database - INFO - Starting database initialization...
2026-03-13 18:20:12,069 - core.database - INFO - Database already initialized
2026-03-13 18:20:12,069 - services.database - INFO - 🔧 Database connection initialized, now creating tables if tables not exist...
2026-03-13 18:20:12,069 - core.database - DEBUG - [DB_OP] Starting create_tables
2026-03-13 18:20:12,069 - core.database - INFO - Tables already initialized
2026-03-13 18:20:12,070 - services.database - INFO - 🔧 Table creation completed
2026-03-13 18:20:12,070 - services.database - INFO - Database initialized successfully
2026-03-13 18:20:12,070 - services.database - DEBUG - [DB_OP] Database initialization completed in 0.0012s
2026-03-13 18:20:12,070 - core.config - DEBUG - Read dynamic attribute admin_user_id from environment variable ADMIN_USER_ID
2026-03-13 18:20:12,070 - core.config - DEBUG - Read dynamic attribute admin_user_email from environment variable ADMIN_USER_EMAIL
2026-03-13 18:20:12,534 - services.auth - DEBUG - Admin user 1024467 already exists
2026-03-13 18:20:12,600 - main - INFO - === Application startup completed successfully ===
2026-03-13 18:25:30,484 - services.database - DEBUG - [DB_OP] Starting database close
2026-03-13 18:25:30,553 - core.database - INFO - Database connection closed and engine disposed
2026-03-13 18:25:30,554 - services.database - INFO - Database connections closed
2026-03-13 18:25:30,554 - services.database - DEBUG - [DB_OP] Database close completed in 0.0703s
