2026-03-13 18:07:43,563 - main - INFO - === Logging system initialized ===
2026-03-13 18:07:43,563 - main - INFO - Log file: logs/app_20260313_180743.log
2026-03-13 18:07:43,563 - main - INFO - Log level: INFO
2026-03-13 18:07:43,563 - main - INFO - Timestamp: 20260313_180743
2026-03-13 18:07:44,231 - main - INFO - Included router: routers.aihub.router
2026-03-13 18:07:44,250 - main - INFO - Included router: routers.auth.router
2026-03-13 18:07:44,293 - main - INFO - Included router: routers.game_rooms.router
2026-03-13 18:07:44,295 - main - INFO - Included router: routers.health.router
2026-03-13 18:07:44,373 - main - INFO - Included router: routers.multiplayer.router
2026-03-13 18:07:44,410 - main - INFO - Included router: routers.room_players.router
2026-03-13 18:07:44,432 - main - INFO - Included router: routers.settings.router
2026-03-13 18:07:44,469 - main - INFO - Included router: routers.storage.router
2026-03-13 18:07:44,477 - main - INFO - Included router: routers.user.router
2026-03-13 18:07:44,478 - main - INFO - === Application startup initiated ===
2026-03-13 18:07:44,478 - services.database - DEBUG - [DB_OP] Starting database initialization
2026-03-13 18:07:44,478 - services.database - INFO - 🔧 Starting database initialization...
2026-03-13 18:07:44,478 - core.database - INFO - Starting database initialization...
2026-03-13 18:07:44,479 - core.config - DEBUG - Read dynamic attribute database_url from environment variable DATABASE_URL
2026-03-13 18:07:44,479 - core.database - INFO - Normalizing database URL for async compatibility...
2026-03-13 18:07:44,479 - core.database - INFO - Creating async database engine...
2026-03-13 18:07:44,480 - core.database - INFO - Using QueuePool with connection pooling for non-Lambda environment
2026-03-13 18:07:44,527 - core.database - INFO - Database engine created successfully
2026-03-13 18:07:44,527 - core.database - INFO - Creating async session maker...
2026-03-13 18:07:44,527 - core.database - INFO - Async session maker created successfully
2026-03-13 18:07:44,527 - core.database - INFO - Database connection initialized successfully
2026-03-13 18:07:44,527 - services.database - INFO - 🔧 Database connection initialized, now creating tables if tables not exist...
2026-03-13 18:07:44,527 - core.database - DEBUG - [DB_OP] Starting create_tables
2026-03-13 18:07:44,527 - core.database - INFO - 🔧 Starting table creation...
2026-03-13 18:07:46,331 - core.database - INFO - Tables initialized successfully
2026-03-13 18:07:46,332 - core.database - DEBUG - [DB_OP] Create tables completed in 1.8043s
2026-03-13 18:07:46,392 - services.database - INFO - 🔧 Table creation completed
2026-03-13 18:07:46,392 - services.database - INFO - Database initialized successfully
2026-03-13 18:07:46,392 - services.database - DEBUG - [DB_OP] Database initialization completed in 1.9139s
2026-03-13 18:07:46,392 - services.mock_data - INFO - mock_data directory not found, skipping mock initialization
2026-03-13 18:07:46,393 - services.database - DEBUG - [DB_OP] Starting database initialization
2026-03-13 18:07:46,393 - services.database - INFO - 🔧 Starting database initialization...
2026-03-13 18:07:46,393 - core.database - INFO - Starting database initialization...
2026-03-13 18:07:46,393 - core.database - INFO - Database already initialized
2026-03-13 18:07:46,393 - services.database - INFO - 🔧 Database connection initialized, now creating tables if tables not exist...
2026-03-13 18:07:46,393 - core.database - DEBUG - [DB_OP] Starting create_tables
2026-03-13 18:07:46,394 - core.database - INFO - Tables already initialized
2026-03-13 18:07:46,394 - services.database - INFO - 🔧 Table creation completed
2026-03-13 18:07:46,394 - services.database - INFO - Database initialized successfully
2026-03-13 18:07:46,394 - services.database - DEBUG - [DB_OP] Database initialization completed in 0.0013s
2026-03-13 18:07:46,394 - core.config - DEBUG - Read dynamic attribute admin_user_id from environment variable ADMIN_USER_ID
2026-03-13 18:07:46,395 - core.config - DEBUG - Read dynamic attribute admin_user_email from environment variable ADMIN_USER_EMAIL
2026-03-13 18:07:46,828 - services.auth - DEBUG - Admin user 1024467 already exists
2026-03-13 18:07:46,888 - main - INFO - === Application startup completed successfully ===
2026-03-13 18:08:36,231 - services.database - DEBUG - [DB_OP] Starting database close
2026-03-13 18:08:36,295 - core.database - INFO - Database connection closed and engine disposed
2026-03-13 18:08:36,296 - services.database - INFO - Database connections closed
2026-03-13 18:08:36,296 - services.database - DEBUG - [DB_OP] Database close completed in 0.0645s
