2026-03-13 17:38:53,963 - main - INFO - === Logging system initialized ===
2026-03-13 17:38:53,963 - main - INFO - Log file: logs/app_20260313_173853.log
2026-03-13 17:38:53,963 - main - INFO - Log level: INFO
2026-03-13 17:38:53,963 - main - INFO - Timestamp: 20260313_173853
2026-03-13 17:38:54,687 - main - INFO - Included router: routers.aihub.router
2026-03-13 17:38:54,706 - main - INFO - Included router: routers.auth.router
2026-03-13 17:38:54,750 - main - INFO - Included router: routers.game_rooms.router
2026-03-13 17:38:54,753 - main - INFO - Included router: routers.health.router
2026-03-13 17:38:54,902 - main - INFO - Included router: routers.multiplayer.router
2026-03-13 17:38:54,967 - main - INFO - Included router: routers.room_players.router
2026-03-13 17:38:54,991 - main - INFO - Included router: routers.settings.router
2026-03-13 17:38:55,066 - main - INFO - Included router: routers.storage.router
2026-03-13 17:38:55,076 - main - INFO - Included router: routers.user.router
2026-03-13 17:38:55,077 - main - INFO - === Application startup initiated ===
2026-03-13 17:38:55,078 - services.database - DEBUG - [DB_OP] Starting database initialization
2026-03-13 17:38:55,078 - services.database - INFO - 🔧 Starting database initialization...
2026-03-13 17:38:55,078 - core.database - INFO - Starting database initialization...
2026-03-13 17:38:55,078 - core.config - DEBUG - Read dynamic attribute database_url from environment variable DATABASE_URL
2026-03-13 17:38:55,078 - core.database - INFO - Normalizing database URL for async compatibility...
2026-03-13 17:38:55,080 - core.database - INFO - Creating async database engine...
2026-03-13 17:38:55,080 - core.database - INFO - Using QueuePool with connection pooling for non-Lambda environment
2026-03-13 17:38:55,129 - core.database - INFO - Database engine created successfully
2026-03-13 17:38:55,129 - core.database - INFO - Creating async session maker...
2026-03-13 17:38:55,129 - core.database - INFO - Async session maker created successfully
2026-03-13 17:38:55,129 - core.database - INFO - Database connection initialized successfully
2026-03-13 17:38:55,129 - services.database - INFO - 🔧 Database connection initialized, now creating tables if tables not exist...
2026-03-13 17:38:55,129 - core.database - DEBUG - [DB_OP] Starting create_tables
2026-03-13 17:38:55,129 - core.database - INFO - 🔧 Starting table creation...
2026-03-13 17:38:56,650 - core.database - INFO - Tables initialized successfully
2026-03-13 17:38:56,650 - core.database - DEBUG - [DB_OP] Create tables completed in 1.5208s
2026-03-13 17:38:56,710 - services.database - INFO - 🔧 Table creation completed
2026-03-13 17:38:56,710 - services.database - INFO - Database initialized successfully
2026-03-13 17:38:56,710 - services.database - DEBUG - [DB_OP] Database initialization completed in 1.6327s
2026-03-13 17:38:56,711 - services.mock_data - INFO - mock_data directory not found, skipping mock initialization
2026-03-13 17:38:56,712 - services.database - DEBUG - [DB_OP] Starting database initialization
2026-03-13 17:38:56,712 - services.database - INFO - 🔧 Starting database initialization...
2026-03-13 17:38:56,712 - core.database - INFO - Starting database initialization...
2026-03-13 17:38:56,712 - core.database - INFO - Database already initialized
2026-03-13 17:38:56,712 - services.database - INFO - 🔧 Database connection initialized, now creating tables if tables not exist...
2026-03-13 17:38:56,712 - core.database - DEBUG - [DB_OP] Starting create_tables
2026-03-13 17:38:56,713 - core.database - INFO - Tables already initialized
2026-03-13 17:38:56,713 - services.database - INFO - 🔧 Table creation completed
2026-03-13 17:38:56,713 - services.database - INFO - Database initialized successfully
2026-03-13 17:38:56,713 - services.database - DEBUG - [DB_OP] Database initialization completed in 0.0013s
2026-03-13 17:38:56,713 - core.config - DEBUG - Read dynamic attribute admin_user_id from environment variable ADMIN_USER_ID
2026-03-13 17:38:56,713 - core.config - DEBUG - Read dynamic attribute admin_user_email from environment variable ADMIN_USER_EMAIL
2026-03-13 17:38:57,137 - services.auth - DEBUG - Admin user 1024467 already exists
2026-03-13 17:38:57,197 - main - INFO - === Application startup completed successfully ===
2026-03-13 17:39:12,242 - services.database - DEBUG - [DB_OP] Starting database close
2026-03-13 17:39:12,305 - core.database - INFO - Database connection closed and engine disposed
2026-03-13 17:39:12,305 - services.database - INFO - Database connections closed
2026-03-13 17:39:12,305 - services.database - DEBUG - [DB_OP] Database close completed in 0.0633s
