2026-03-13 18:14:18,624 - main - INFO - === Logging system initialized ===
2026-03-13 18:14:18,625 - main - INFO - Log file: logs/app_20260313_181418.log
2026-03-13 18:14:18,625 - main - INFO - Log level: INFO
2026-03-13 18:14:18,625 - main - INFO - Timestamp: 20260313_181418
2026-03-13 18:14:19,288 - main - INFO - Included router: routers.aihub.router
2026-03-13 18:14:19,309 - main - INFO - Included router: routers.auth.router
2026-03-13 18:14:19,359 - main - INFO - Included router: routers.game_rooms.router
2026-03-13 18:14:19,362 - main - INFO - Included router: routers.health.router
2026-03-13 18:14:19,441 - main - INFO - Included router: routers.multiplayer.router
2026-03-13 18:14:19,482 - main - INFO - Included router: routers.room_players.router
2026-03-13 18:14:19,504 - main - INFO - Included router: routers.settings.router
2026-03-13 18:14:19,538 - main - INFO - Included router: routers.storage.router
2026-03-13 18:14:19,545 - main - INFO - Included router: routers.user.router
2026-03-13 18:14:19,546 - main - INFO - === Application startup initiated ===
2026-03-13 18:14:19,547 - services.database - DEBUG - [DB_OP] Starting database initialization
2026-03-13 18:14:19,547 - services.database - INFO - 🔧 Starting database initialization...
2026-03-13 18:14:19,547 - core.database - INFO - Starting database initialization...
2026-03-13 18:14:19,547 - core.config - DEBUG - Read dynamic attribute database_url from environment variable DATABASE_URL
2026-03-13 18:14:19,547 - core.database - INFO - Normalizing database URL for async compatibility...
2026-03-13 18:14:19,548 - core.database - INFO - Creating async database engine...
2026-03-13 18:14:19,548 - core.database - INFO - Using QueuePool with connection pooling for non-Lambda environment
2026-03-13 18:14:19,602 - core.database - INFO - Database engine created successfully
2026-03-13 18:14:19,603 - core.database - INFO - Creating async session maker...
2026-03-13 18:14:19,603 - core.database - INFO - Async session maker created successfully
2026-03-13 18:14:19,603 - core.database - INFO - Database connection initialized successfully
2026-03-13 18:14:19,603 - services.database - INFO - 🔧 Database connection initialized, now creating tables if tables not exist...
2026-03-13 18:14:19,603 - core.database - DEBUG - [DB_OP] Starting create_tables
2026-03-13 18:14:19,603 - core.database - INFO - 🔧 Starting table creation...
2026-03-13 18:14:21,443 - core.database - INFO - Tables initialized successfully
2026-03-13 18:14:21,443 - core.database - DEBUG - [DB_OP] Create tables completed in 1.8400s
2026-03-13 18:14:21,504 - services.database - INFO - 🔧 Table creation completed
2026-03-13 18:14:21,504 - services.database - INFO - Database initialized successfully
2026-03-13 18:14:21,504 - services.database - DEBUG - [DB_OP] Database initialization completed in 1.9575s
2026-03-13 18:14:21,505 - services.mock_data - INFO - mock_data directory not found, skipping mock initialization
2026-03-13 18:14:21,505 - services.database - DEBUG - [DB_OP] Starting database initialization
2026-03-13 18:14:21,506 - services.database - INFO - 🔧 Starting database initialization...
2026-03-13 18:14:21,506 - core.database - INFO - Starting database initialization...
2026-03-13 18:14:21,506 - core.database - INFO - Database already initialized
2026-03-13 18:14:21,506 - services.database - INFO - 🔧 Database connection initialized, now creating tables if tables not exist...
2026-03-13 18:14:21,506 - core.database - DEBUG - [DB_OP] Starting create_tables
2026-03-13 18:14:21,507 - core.database - INFO - Tables already initialized
2026-03-13 18:14:21,507 - services.database - INFO - 🔧 Table creation completed
2026-03-13 18:14:21,507 - services.database - INFO - Database initialized successfully
2026-03-13 18:14:21,507 - services.database - DEBUG - [DB_OP] Database initialization completed in 0.0019s
2026-03-13 18:14:21,507 - core.config - DEBUG - Read dynamic attribute admin_user_id from environment variable ADMIN_USER_ID
2026-03-13 18:14:21,507 - core.config - DEBUG - Read dynamic attribute admin_user_email from environment variable ADMIN_USER_EMAIL
2026-03-13 18:14:21,953 - services.auth - DEBUG - Admin user 1024467 already exists
2026-03-13 18:14:22,013 - main - INFO - === Application startup completed successfully ===
2026-03-13 18:19:20,667 - services.database - DEBUG - [DB_OP] Starting database close
2026-03-13 18:19:20,737 - core.database - INFO - Database connection closed and engine disposed
2026-03-13 18:19:20,738 - services.database - INFO - Database connections closed
2026-03-13 18:19:20,738 - services.database - DEBUG - [DB_OP] Database close completed in 0.0709s
