2026-03-13 18:25:32,288 - main - INFO - === Logging system initialized ===
2026-03-13 18:25:32,288 - main - INFO - Log file: logs/app_20260313_182532.log
2026-03-13 18:25:32,289 - main - INFO - Log level: INFO
2026-03-13 18:25:32,289 - main - INFO - Timestamp: 20260313_182532
2026-03-13 18:25:32,912 - main - INFO - Included router: routers.aihub.router
2026-03-13 18:25:32,930 - main - INFO - Included router: routers.auth.router
2026-03-13 18:25:32,974 - main - INFO - Included router: routers.game_rooms.router
2026-03-13 18:25:32,977 - main - INFO - Included router: routers.health.router
2026-03-13 18:25:33,117 - main - INFO - Included router: routers.multiplayer.router
2026-03-13 18:25:33,157 - main - INFO - Included router: routers.room_players.router
2026-03-13 18:25:33,177 - main - INFO - Included router: routers.settings.router
2026-03-13 18:25:33,215 - main - INFO - Included router: routers.storage.router
2026-03-13 18:25:33,226 - main - INFO - Included router: routers.user.router
2026-03-13 18:25:33,227 - main - INFO - === Application startup initiated ===
2026-03-13 18:25:33,227 - services.database - DEBUG - [DB_OP] Starting database initialization
2026-03-13 18:25:33,227 - services.database - INFO - 🔧 Starting database initialization...
2026-03-13 18:25:33,228 - core.database - INFO - Starting database initialization...
2026-03-13 18:25:33,228 - core.config - DEBUG - Read dynamic attribute database_url from environment variable DATABASE_URL
2026-03-13 18:25:33,228 - core.database - INFO - Normalizing database URL for async compatibility...
2026-03-13 18:25:33,229 - core.database - INFO - Creating async database engine...
2026-03-13 18:25:33,229 - core.database - INFO - Using QueuePool with connection pooling for non-Lambda environment
2026-03-13 18:25:33,276 - core.database - INFO - Database engine created successfully
2026-03-13 18:25:33,276 - core.database - INFO - Creating async session maker...
2026-03-13 18:25:33,276 - core.database - INFO - Async session maker created successfully
2026-03-13 18:25:33,276 - core.database - INFO - Database connection initialized successfully
2026-03-13 18:25:33,277 - services.database - INFO - 🔧 Database connection initialized, now creating tables if tables not exist...
2026-03-13 18:25:33,277 - core.database - DEBUG - [DB_OP] Starting create_tables
2026-03-13 18:25:33,277 - core.database - INFO - 🔧 Starting table creation...
2026-03-13 18:25:36,183 - core.database - INFO - Tables initialized successfully
2026-03-13 18:25:36,183 - core.database - DEBUG - [DB_OP] Create tables completed in 2.9065s
2026-03-13 18:25:36,244 - services.database - INFO - 🔧 Table creation completed
2026-03-13 18:25:36,244 - services.database - INFO - Database initialized successfully
2026-03-13 18:25:36,244 - services.database - DEBUG - [DB_OP] Database initialization completed in 3.0171s
2026-03-13 18:25:36,245 - services.mock_data - INFO - mock_data directory not found, skipping mock initialization
2026-03-13 18:25:36,245 - services.database - DEBUG - [DB_OP] Starting database initialization
2026-03-13 18:25:36,245 - services.database - INFO - 🔧 Starting database initialization...
2026-03-13 18:25:36,245 - core.database - INFO - Starting database initialization...
2026-03-13 18:25:36,246 - core.database - INFO - Database already initialized
2026-03-13 18:25:36,246 - services.database - INFO - 🔧 Database connection initialized, now creating tables if tables not exist...
2026-03-13 18:25:36,246 - core.database - DEBUG - [DB_OP] Starting create_tables
2026-03-13 18:25:36,246 - core.database - INFO - Tables already initialized
2026-03-13 18:25:36,246 - services.database - INFO - 🔧 Table creation completed
2026-03-13 18:25:36,246 - services.database - INFO - Database initialized successfully
2026-03-13 18:25:36,246 - services.database - DEBUG - [DB_OP] Database initialization completed in 0.0010s
2026-03-13 18:25:36,246 - core.config - DEBUG - Read dynamic attribute admin_user_id from environment variable ADMIN_USER_ID
2026-03-13 18:25:36,246 - core.config - DEBUG - Read dynamic attribute admin_user_email from environment variable ADMIN_USER_EMAIL
2026-03-13 18:25:36,681 - services.auth - DEBUG - Admin user 1024467 already exists
2026-03-13 18:25:36,741 - main - INFO - === Application startup completed successfully ===
