2026-03-13 17:34:25,761 - main - INFO - === Logging system initialized ===
2026-03-13 17:34:25,761 - main - INFO - Log file: logs/app_20260313_173425.log
2026-03-13 17:34:25,761 - main - INFO - Log level: INFO
2026-03-13 17:34:25,761 - main - INFO - Timestamp: 20260313_173425
2026-03-13 17:34:29,440 - main - INFO - Included router: routers.aihub.router
2026-03-13 17:34:29,578 - main - INFO - Included router: routers.auth.router
2026-03-13 17:34:29,649 - main - INFO - Included router: routers.health.router
2026-03-13 17:34:29,754 - main - INFO - Included router: routers.settings.router
2026-03-13 17:34:30,020 - main - INFO - Included router: routers.storage.router
2026-03-13 17:34:30,118 - main - INFO - Included router: routers.user.router
2026-03-13 17:34:30,120 - main - INFO - === Application startup initiated ===
2026-03-13 17:34:30,121 - services.database - DEBUG - [DB_OP] Starting database initialization
2026-03-13 17:34:30,121 - services.database - INFO - 🔧 Starting database initialization...
2026-03-13 17:34:30,121 - core.database - INFO - Starting database initialization...
2026-03-13 17:34:30,121 - core.config - DEBUG - Read dynamic attribute database_url from environment variable DATABASE_URL
2026-03-13 17:34:30,121 - core.database - INFO - Normalizing database URL for async compatibility...
2026-03-13 17:34:30,122 - core.database - INFO - Creating async database engine...
2026-03-13 17:34:30,122 - core.database - INFO - Using QueuePool with connection pooling for non-Lambda environment
2026-03-13 17:34:30,343 - core.database - INFO - Database engine created successfully
2026-03-13 17:34:30,343 - core.database - INFO - Creating async session maker...
2026-03-13 17:34:30,343 - core.database - INFO - Async session maker created successfully
2026-03-13 17:34:30,343 - core.database - INFO - Database connection initialized successfully
2026-03-13 17:34:30,343 - services.database - INFO - 🔧 Database connection initialized, now creating tables if tables not exist...
2026-03-13 17:34:30,343 - core.database - DEBUG - [DB_OP] Starting create_tables
2026-03-13 17:34:30,344 - core.database - INFO - 🔧 Starting table creation...
2026-03-13 17:34:32,401 - core.database - INFO - Tables initialized successfully
2026-03-13 17:34:32,401 - core.database - DEBUG - [DB_OP] Create tables completed in 2.0578s
2026-03-13 17:34:32,468 - services.database - INFO - 🔧 Table creation completed
2026-03-13 17:34:32,469 - services.database - INFO - Database initialized successfully
2026-03-13 17:34:32,469 - services.database - DEBUG - [DB_OP] Database initialization completed in 2.3481s
2026-03-13 17:34:32,470 - services.mock_data - INFO - mock_data directory not found, skipping mock initialization
2026-03-13 17:34:32,470 - services.database - DEBUG - [DB_OP] Starting database initialization
2026-03-13 17:34:32,470 - services.database - INFO - 🔧 Starting database initialization...
2026-03-13 17:34:32,470 - core.database - INFO - Starting database initialization...
2026-03-13 17:34:32,470 - core.database - INFO - Database already initialized
2026-03-13 17:34:32,470 - services.database - INFO - 🔧 Database connection initialized, now creating tables if tables not exist...
2026-03-13 17:34:32,470 - core.database - DEBUG - [DB_OP] Starting create_tables
2026-03-13 17:34:32,471 - core.database - INFO - Tables already initialized
2026-03-13 17:34:32,471 - services.database - INFO - 🔧 Table creation completed
2026-03-13 17:34:32,471 - services.database - INFO - Database initialized successfully
2026-03-13 17:34:32,471 - services.database - DEBUG - [DB_OP] Database initialization completed in 0.0010s
2026-03-13 17:34:32,471 - core.config - DEBUG - Read dynamic attribute admin_user_id from environment variable ADMIN_USER_ID
2026-03-13 17:34:32,471 - core.config - DEBUG - Read dynamic attribute admin_user_email from environment variable ADMIN_USER_EMAIL
2026-03-13 17:34:33,137 - services.auth - DEBUG - Created admin user: 1024467 with email: sziklaigeri72@gmail.com
2026-03-13 17:34:33,137 - main - INFO - === Application startup completed successfully ===
2026-03-13 17:35:04,742 - services.database - DEBUG - [DB_OP] Starting database close
2026-03-13 17:35:04,812 - core.database - INFO - Database connection closed and engine disposed
2026-03-13 17:35:04,813 - services.database - INFO - Database connections closed
2026-03-13 17:35:04,813 - services.database - DEBUG - [DB_OP] Database close completed in 0.0704s
